<?xml version="1.0" encoding="UTF-8"?>
<!-- Generated by org.testng.reporters.JUnitReportReporter -->
<testsuite hostname="LAPTOP-OR2KO8HI" failures="0" tests="1" name="com.ptron.testscript.CreateLead" time="13.273" errors="0" timestamp="2024-12-29T20:31:03 IST" skipped="0">
  <testcase classname="com.ptron.testscript.CreateLead" name="createLead" time="13.273"/>
</testsuite> <!-- com.ptron.testscript.CreateLead -->
