<?xml version="1.0" encoding="UTF-8"?>
<!-- Generated by org.testng.reporters.JUnitReportReporter -->
<testsuite hostname="LAPTOP-OR2KO8HI" failures="0" tests="3" name="com.ptron.testscript.e_e.Vendor_PriceBook" time="37.292" errors="0" timestamp="2024-12-29T22:08:12 IST" skipped="0">
  <testcase classname="com.ptron.testscript.e_e.Vendor_PriceBook" name="createVendor" time="13.450"/>
  <testcase classname="com.ptron.testscript.e_e.Vendor_PriceBook" name="createProduct" time="9.786"/>
  <testcase classname="com.ptron.testscript.e_e.Vendor_PriceBook" name="createPricebook" time="14.056"/>
</testsuite> <!-- com.ptron.testscript.e_e.Vendor_PriceBook -->
