<?xml version="1.0" encoding="UTF-8"?>
<!-- Generated by org.testng.reporters.JUnitReportReporter -->
<testsuite hostname="LAPTOP-OR2KO8HI" failures="0" tests="1" name="com.ptron.testscript.CreatePriceBook" time="18.511" errors="0" timestamp="2024-12-29T21:22:48 IST" skipped="0">
  <testcase classname="com.ptron.testscript.CreatePriceBook" name="createPricebook" time="18.511"/>
</testsuite> <!-- com.ptron.testscript.CreatePriceBook -->
