<?xml version="1.0" encoding="UTF-8"?>
<!-- Generated by org.testng.reporters.JUnitReportReporter -->
<testsuite hostname="LAPTOP-OR2KO8HI" failures="0" tests="5" name="com.ptron.testscript.e_e.Camp_Invoice" time="66.136" errors="0" timestamp="2024-12-29T21:44:45 IST" skipped="0">
  <testcase classname="com.ptron.testscript.e_e.Camp_Invoice" name="createCampagin" time="11.319">
    <system-out>
      <![CDATA[Camp_Invoice.createCampagin()[pri:1, instance:com.ptron.testscript.e_e.Camp_Invoice@7eac9008] has been started 
Camp_Invoice.createCampagin()[pri:1, instance:com.ptron.testscript.e_e.Camp_Invoice@7eac9008] has been success ]]>
    </system-out>
  </testcase> <!-- createCampagin -->
  <testcase classname="com.ptron.testscript.e_e.Camp_Invoice" name="createLead" time="13.812">
    <system-out>
      <![CDATA[Camp_Invoice.createLead()[pri:2, instance:com.ptron.testscript.e_e.Camp_Invoice@7eac9008] has been started 
Camp_Invoice.createLead()[pri:2, instance:com.ptron.testscript.e_e.Camp_Invoice@7eac9008] has been success ]]>
    </system-out>
  </testcase> <!-- createLead -->
  <testcase classname="com.ptron.testscript.e_e.Camp_Invoice" name="convertLeadToPotential" time="13.405">
    <system-out>
      <![CDATA[Camp_Invoice.convertLeadToPotential()[pri:3, instance:com.ptron.testscript.e_e.Camp_Invoice@7eac9008] has been started 
Camp_Invoice.convertLeadToPotential()[pri:3, instance:com.ptron.testscript.e_e.Camp_Invoice@7eac9008] has been success ]]>
    </system-out>
  </testcase> <!-- convertLeadToPotential -->
  <testcase classname="com.ptron.testscript.e_e.Camp_Invoice" name="createQuote" time="14.931">
    <system-out>
      <![CDATA[Camp_Invoice.createQuote()[pri:4, instance:com.ptron.testscript.e_e.Camp_Invoice@7eac9008] has been started 
Camp_Invoice.createQuote()[pri:4, instance:com.ptron.testscript.e_e.Camp_Invoice@7eac9008] has been success ]]>
    </system-out>
  </testcase> <!-- createQuote -->
  <testcase classname="com.ptron.testscript.e_e.Camp_Invoice" name="createInvoice" time="12.669">
    <system-out>
      <![CDATA[Camp_Invoice.createInvoice()[pri:5, instance:com.ptron.testscript.e_e.Camp_Invoice@7eac9008] has been started 
Camp_Invoice.createInvoice()[pri:5, instance:com.ptron.testscript.e_e.Camp_Invoice@7eac9008] has been success ]]>
    </system-out>
  </testcase> <!-- createInvoice -->
  <system-out>
    <![CDATA[Camp_Invoice.createCampagin()[pri:1, instance:com.ptron.testscript.e_e.Camp_Invoice@7eac9008] has been started 
Camp_Invoice.createCampagin()[pri:1, instance:com.ptron.testscript.e_e.Camp_Invoice@7eac9008] has been success 
Camp_Invoice.createLead()[pri:2, instance:com.ptron.testscript.e_e.Camp_Invoice@7eac9008] has been started 
Camp_Invoice.createLead()[pri:2, instance:com.ptron.testscript.e_e.Camp_Invoice@7eac9008] has been success 
Camp_Invoice.convertLeadToPotential()[pri:3, instance:com.ptron.testscript.e_e.Camp_Invoice@7eac9008] has been started 
Camp_Invoice.convertLeadToPotential()[pri:3, instance:com.ptron.testscript.e_e.Camp_Invoice@7eac9008] has been success 
Camp_Invoice.createQuote()[pri:4, instance:com.ptron.testscript.e_e.Camp_Invoice@7eac9008] has been started 
Camp_Invoice.createQuote()[pri:4, instance:com.ptron.testscript.e_e.Camp_Invoice@7eac9008] has been success 
Camp_Invoice.createInvoice()[pri:5, instance:com.ptron.testscript.e_e.Camp_Invoice@7eac9008] has been started 
Camp_Invoice.createInvoice()[pri:5, instance:com.ptron.testscript.e_e.Camp_Invoice@7eac9008] has been success ]]>
  </system-out>
</testsuite> <!-- com.ptron.testscript.e_e.Camp_Invoice -->
