<?xml version="1.0" encoding="UTF-8"?>
<!-- Generated by org.testng.reporters.JUnitReportReporter -->
<testsuite hostname="LAPTOP-OR2KO8HI" failures="0" tests="1" name="com.ptron.testscript.CreateQuote" time="26.943" errors="0" timestamp="2024-12-29T18:41:12 IST" skipped="0">
  <testcase classname="com.ptron.testscript.CreateQuote" name="createQuote" time="26.943"/>
</testsuite> <!-- com.ptron.testscript.CreateQuote -->
