<?xml version="1.0" encoding="UTF-8"?>
<!-- Generated by org.testng.reporters.JUnitReportReporter -->
<testsuite hostname="LAPTOP-OR2KO8HI" failures="0" tests="1" name="com.ptron.testscript.ConvertToPotential" time="11.669" errors="0" timestamp="2024-12-29T20:48:48 IST" skipped="0">
  <testcase classname="com.ptron.testscript.ConvertToPotential" name="convertLeadToPotential" time="11.669">
    <system-out>
      <![CDATA[ConvertToPotential.convertLeadToPotential()[pri:0, instance:com.ptron.testscript.ConvertToPotential@3cd3e762] has been started 
ConvertToPotential.convertLeadToPotential()[pri:0, instance:com.ptron.testscript.ConvertToPotential@3cd3e762] has been success ]]>
    </system-out>
  </testcase> <!-- convertLeadToPotential -->
  <system-out>
    <![CDATA[ConvertToPotential.convertLeadToPotential()[pri:0, instance:com.ptron.testscript.ConvertToPotential@3cd3e762] has been started 
ConvertToPotential.convertLeadToPotential()[pri:0, instance:com.ptron.testscript.ConvertToPotential@3cd3e762] has been success ]]>
  </system-out>
</testsuite> <!-- com.ptron.testscript.ConvertToPotential -->
