<?xml version="1.0" encoding="UTF-8"?>
<!-- Generated by org.testng.reporters.JUnitReportReporter -->
<testsuite hostname="LAPTOP-OR2KO8HI" failures="0" tests="3" name="com.ptron.testscript.Camp_Potential" time="36.258" errors="0" timestamp="2024-12-28T17:59:17 IST" skipped="0">
  <testcase classname="com.ptron.testscript.Camp_Potential" name="createCampagin" time="11.364">
    <system-out>
      <![CDATA[Camp_Potential.createCampagin()[pri:1, instance:com.ptron.testscript.Camp_Potential@7eac9008] has been started 
Camp_Potential.createCampagin()[pri:1, instance:com.ptron.testscript.Camp_Potential@7eac9008] has been success ]]>
    </system-out>
  </testcase> <!-- createCampagin -->
  <testcase classname="com.ptron.testscript.Camp_Potential" name="createLead" time="7.487">
    <system-out>
      <![CDATA[Camp_Potential.createLead()[pri:2, instance:com.ptron.testscript.Camp_Potential@7eac9008] has been started 
Camp_Potential.createLead()[pri:2, instance:com.ptron.testscript.Camp_Potential@7eac9008] has been success ]]>
    </system-out>
  </testcase> <!-- createLead -->
  <testcase classname="com.ptron.testscript.Camp_Potential" name="convertTo" time="17.407">
    <system-out>
      <![CDATA[Camp_Potential.convertTo()[pri:3, instance:com.ptron.testscript.Camp_Potential@7eac9008] has been started 
sucess
Camp_Potential.convertTo()[pri:3, instance:com.ptron.testscript.Camp_Potential@7eac9008] has been success ]]>
    </system-out>
  </testcase> <!-- convertTo -->
  <system-out>
    <![CDATA[Camp_Potential.createCampagin()[pri:1, instance:com.ptron.testscript.Camp_Potential@7eac9008] has been started 
Camp_Potential.createCampagin()[pri:1, instance:com.ptron.testscript.Camp_Potential@7eac9008] has been success 
Camp_Potential.createLead()[pri:2, instance:com.ptron.testscript.Camp_Potential@7eac9008] has been started 
Camp_Potential.createLead()[pri:2, instance:com.ptron.testscript.Camp_Potential@7eac9008] has been success 
Camp_Potential.convertTo()[pri:3, instance:com.ptron.testscript.Camp_Potential@7eac9008] has been started 
sucess
Camp_Potential.convertTo()[pri:3, instance:com.ptron.testscript.Camp_Potential@7eac9008] has been success ]]>
  </system-out>
</testsuite> <!-- com.ptron.testscript.Camp_Potential -->
