<?xml version="1.0" encoding="UTF-8"?>
<!-- Generated by org.testng.reporters.JUnitReportReporter -->
<testsuite hostname="LAPTOP-OR2KO8HI" failures="0" tests="3" name="com.ptron.testscript.e_e.Camp_Lead" time="0.004" errors="1" timestamp="2024-12-29T21:40:36 IST" skipped="2">
  <testcase classname="com.ptron.testscript.e_e.Camp_Lead" name="login" time="0.003">
    <error message="Cannot invoke &quot;com.ptron.pom.LoginPage.setSignIn(String, String)&quot; because &quot;this.lp&quot; is null" type="java.lang.NullPointerException">
      <![CDATA[java.lang.NullPointerException: Cannot invoke "com.ptron.pom.LoginPage.setSignIn(String, String)" because "this.lp" is null
at com.ptron.generic.BaseClass.login(BaseClass.java:64)
at java.base/jdk.internal.reflect.DirectMethodHandleAccessor.invoke(DirectMethodHandleAccessor.java:103)
at java.base/java.lang.reflect.Method.invoke(Method.java:580)
at org.testng.internal.invokers.MethodInvocationHelper.invokeMethod(MethodInvocationHelper.java:141)
at org.testng.internal.invokers.MethodInvocationHelper.invokeMethodConsideringTimeout(MethodInvocationHelper.java:71)
at org.testng.internal.invokers.ConfigInvoker.invokeConfigurationMethod(ConfigInvoker.java:400)
at org.testng.internal.invokers.ConfigInvoker.invokeConfigurations(ConfigInvoker.java:333)
at org.testng.internal.invokers.TestInvoker.runConfigMethods(TestInvoker.java:833)
at org.testng.internal.invokers.TestInvoker.invokeMethod(TestInvoker.java:600)
at org.testng.internal.invokers.TestInvoker.invokeTestMethod(TestInvoker.java:230)
at org.testng.internal.invokers.MethodRunner.runInSequence(MethodRunner.java:63)
at org.testng.internal.invokers.TestInvoker$MethodInvocationAgent.invoke(TestInvoker.java:992)
at org.testng.internal.invokers.TestInvoker.invokeTestMethods(TestInvoker.java:203)
at org.testng.internal.invokers.TestMethodWorker.invokeTestMethods(TestMethodWorker.java:154)
at org.testng.internal.invokers.TestMethodWorker.run(TestMethodWorker.java:134)
at java.base/java.util.ArrayList.forEach(ArrayList.java:1597)
at org.testng.TestRunner.privateRun(TestRunner.java:739)
at org.testng.TestRunner.run(TestRunner.java:614)
at org.testng.SuiteRunner.runTest(SuiteRunner.java:421)
at org.testng.SuiteRunner.runSequentially(SuiteRunner.java:413)
at org.testng.SuiteRunner.privateRun(SuiteRunner.java:373)
at org.testng.SuiteRunner.run(SuiteRunner.java:312)
at org.testng.SuiteRunnerWorker.runSuite(SuiteRunnerWorker.java:52)
at org.testng.SuiteRunnerWorker.run(SuiteRunnerWorker.java:95)
at org.testng.TestNG.runSuitesSequentially(TestNG.java:1274)
at org.testng.TestNG.runSuitesLocally(TestNG.java:1208)
at org.testng.TestNG.runSuites(TestNG.java:1112)
at org.testng.TestNG.run(TestNG.java:1079)
at org.testng.remote.AbstractRemoteTestNG.run(AbstractRemoteTestNG.java:115)
at org.testng.remote.RemoteTestNG.initAndRun(RemoteTestNG.java:293)
at org.testng.remote.RemoteTestNG.main(RemoteTestNG.java:91)
]]>
    </error>
  </testcase> <!-- login -->
  <testcase classname="com.ptron.testscript.e_e.Camp_Lead" name="createCampagin" time="0.001">
    <skipped/>
    <system-out>
      <![CDATA[Camp_Lead.createLead()[pri:2, instance:com.ptron.testscript.e_e.Camp_Lead@3d285d7e] has been started ]]>
    </system-out>
  </testcase> <!-- createCampagin -->
  <testcase classname="com.ptron.testscript.e_e.Camp_Lead" name="createLead" time="0.000">
    <skipped/>
  </testcase> <!-- createLead -->
  <system-out>
    <![CDATA[Camp_Potential.convertToPotential()[pri:3, instance:com.ptron.testscript.e_e.Camp_Potential@3bf7ca37] has been started 
Camp_Invoice.createCampagin()[pri:1, instance:com.ptron.testscript.e_e.Camp_Invoice@26794848] has been started 
Camp_Invoice.createLead()[pri:2, instance:com.ptron.testscript.e_e.Camp_Invoice@26794848] has been started 
Camp_Invoice.convertLeadToPotential()[pri:3, instance:com.ptron.testscript.e_e.Camp_Invoice@26794848] has been started 
Camp_Invoice.createQuote()[pri:4, instance:com.ptron.testscript.e_e.Camp_Invoice@26794848] has been started 
Camp_Invoice.createInvoice()[pri:5, instance:com.ptron.testscript.e_e.Camp_Invoice@26794848] has been started 
Camp_Quotes.createCampagin()[pri:1, instance:com.ptron.testscript.e_e.Camp_Quotes@302552ec] has been started 
Camp_Quotes.createLead()[pri:2, instance:com.ptron.testscript.e_e.Camp_Quotes@302552ec] has been started 
Camp_Quotes.convertLeadToPotential()[pri:3, instance:com.ptron.testscript.e_e.Camp_Quotes@302552ec] has been started 
Camp_Quotes.createQuote()[pri:4, instance:com.ptron.testscript.e_e.Camp_Quotes@302552ec] has been started 
Camp_Lead.createCampagin()[pri:1, instance:com.ptron.testscript.e_e.Camp_Lead@3d285d7e] has been started 
Camp_Lead.createLead()[pri:2, instance:com.ptron.testscript.e_e.Camp_Lead@3d285d7e] has been started 
Vendor_PriceBook.createVendor()[pri:1, instance:com.ptron.testscript.e_e.Vendor_PriceBook@40005471] has been started 
Vendor_PriceBook.createProduct()[pri:2, instance:com.ptron.testscript.e_e.Vendor_PriceBook@40005471] has been started 
Vendor_PriceBook.createPricebook()[pri:3, instance:com.ptron.testscript.e_e.Vendor_PriceBook@40005471] has been started ]]>
  </system-out>
</testsuite> <!-- com.ptron.testscript.e_e.Camp_Lead -->
